Determining if the pthread_create exist failed with the following output:
Change Dir: /home/federico/catkin_ws/src/marker_tracker/qt_files/CMakeFiles/CMakeTmp

Run Build Command:/usr/bin/make "cmTryCompileExec2852515207/fast"
/usr/bin/make -f CMakeFiles/cmTryCompileExec2852515207.dir/build.make CMakeFiles/cmTryCompileExec2852515207.dir/build
make[1]: ingresso nella directory "/home/federico/catkin_ws/src/marker_tracker/qt_files/CMakeFiles/CMakeTmp"
/usr/bin/cmake -E cmake_progress_report /home/federico/catkin_ws/src/marker_tracker/qt_files/CMakeFiles/CMakeTmp/CMakeFiles 1
Building C object CMakeFiles/cmTryCompileExec2852515207.dir/CheckSymbolExists.c.o
/usr/bin/cc    -o CMakeFiles/cmTryCompileExec2852515207.dir/CheckSymbolExists.c.o   -c /home/federico/catkin_ws/src/marker_tracker/qt_files/CMakeFiles/CMakeTmp/CheckSymbolExists.c
Linking C executable cmTryCompileExec2852515207
/usr/bin/cmake -E cmake_link_script CMakeFiles/cmTryCompileExec2852515207.dir/link.txt --verbose=1
/usr/bin/cc       CMakeFiles/cmTryCompileExec2852515207.dir/CheckSymbolExists.c.o  -o cmTryCompileExec2852515207 -rdynamic 
CMakeFiles/cmTryCompileExec2852515207.dir/CheckSymbolExists.c.o: nella funzione "main":
CheckSymbolExists.c:(.text+0x16): riferimento non definito a "pthread_create"
collect2: error: ld returned 1 exit status
make[1]: *** [cmTryCompileExec2852515207] Errore 1
make[1]: uscita dalla directory "/home/federico/catkin_ws/src/marker_tracker/qt_files/CMakeFiles/CMakeTmp"
make: *** [cmTryCompileExec2852515207/fast] Errore 2

File /home/federico/catkin_ws/src/marker_tracker/qt_files/CMakeFiles/CMakeTmp/CheckSymbolExists.c:
/* */
#include <pthread.h>

int main(int argc, char** argv)
{
  (void)argv;
#ifndef pthread_create
  return ((int*)(&pthread_create))[argc];
#else
  (void)argc;
  return 0;
#endif
}

Determining if the function pthread_create exists in the pthreads failed with the following output:
Change Dir: /home/federico/catkin_ws/src/marker_tracker/qt_files/CMakeFiles/CMakeTmp

Run Build Command:/usr/bin/make "cmTryCompileExec1626866941/fast"
/usr/bin/make -f CMakeFiles/cmTryCompileExec1626866941.dir/build.make CMakeFiles/cmTryCompileExec1626866941.dir/build
make[1]: ingresso nella directory "/home/federico/catkin_ws/src/marker_tracker/qt_files/CMakeFiles/CMakeTmp"
/usr/bin/cmake -E cmake_progress_report /home/federico/catkin_ws/src/marker_tracker/qt_files/CMakeFiles/CMakeTmp/CMakeFiles 1
Building C object CMakeFiles/cmTryCompileExec1626866941.dir/CheckFunctionExists.c.o
/usr/bin/cc   -DCHECK_FUNCTION_EXISTS=pthread_create   -o CMakeFiles/cmTryCompileExec1626866941.dir/CheckFunctionExists.c.o   -c /usr/share/cmake-2.8/Modules/CheckFunctionExists.c
Linking C executable cmTryCompileExec1626866941
/usr/bin/cmake -E cmake_link_script CMakeFiles/cmTryCompileExec1626866941.dir/link.txt --verbose=1
/usr/bin/cc   -DCHECK_FUNCTION_EXISTS=pthread_create    CMakeFiles/cmTryCompileExec1626866941.dir/CheckFunctionExists.c.o  -o cmTryCompileExec1626866941 -rdynamic -lpthreads 
/usr/bin/ld: impossibile trovare -lpthreads
collect2: error: ld returned 1 exit status
make[1]: *** [cmTryCompileExec1626866941] Errore 1
make[1]: uscita dalla directory "/home/federico/catkin_ws/src/marker_tracker/qt_files/CMakeFiles/CMakeTmp"
make: *** [cmTryCompileExec1626866941/fast] Errore 2


